SonarQube plugins:
  - SonarPython 1.14.1.3143 (python)
  - SonarCSS 1.1.1.1010 (cssfamily)
  - GitHub Authentication for SonarQube 1.5.0.870 (authgithub)
  - JaCoCo 1.0.2.475 (jacoco)
  - SonarGo 1.1.1.2000 (go)
  - SonarKotlin 1.5.0.315 (kotlin)
  - Svn 1.9.0.1295 (scmsvn)
  - SonarJS 5.2.1.7778 (javascript)
  - SonarRuby 1.5.0.315 (ruby)
  - SonarScala 1.5.0.315 (sonarscala)
  - SonarC# 7.15.0.8572 (csharp)
  - SonarJava 5.13.1.18282 (java)
  - LDAP 2.2.0.608 (ldap)
  - SonarHTML 3.1.0.1615 (web)
  - Git 1.8.0.1574 (scmgit)
  - SonarFlex 2.5.1.1831 (flex)
  - SonarXML 2.0.1.2020 (xml)
  - SAML 2.0 Authentication for SonarQube 1.2.0.682 (authsaml)
  - SonarPHP 3.2.0.4868 (php)
  - SonarTS 1.9.0.3766 (typescript)
  - SonarVB 7.15.0.8572 (vbnet)
Global server settings:
  - sonar.core.id=BF41A1F2-AXTUAPuhxgAb9zzGez-h
  - sonar.core.startTime=2020-10-08T14:16:33+0530
Project server settings:
Project scanner properties:
  - sonar.eslint.reportPaths=output.json
  - sonar.host.url=http://localhost:9000
  - sonar.login=******
  - sonar.password=******
  - sonar.projectBaseDir=/Users/anjaniprakash/Desktop/personal-projects/github/my-personal-projects
  - sonar.projectKey=sonar
  - sonar.projectName=My Personal Project
  - sonar.projectVersion=1.0.0
  - sonar.scanner.app=ScannerCLI
  - sonar.scanner.appVersion=4.5.0.2216
  - sonar.sourceEncoding=UTF-8
  - sonar.sources=src
  - sonar.verbose=true
  - sonar.working.directory=/Users/anjaniprakash/Desktop/personal-projects/github/my-personal-projects/.scannerwork
